<?xml version="1.0" encoding="UTF-8"?>
<!-- Generated by org.testng.reporters.JUnitReportReporter -->
<testsuite hostname="LAPTOP-SK1OSAKQ" failures="0" tests="1" name="Question5.Question4_TestNGImplementation" time="34.857" errors="0" timestamp="2023-12-19T12:41:36 IST" skipped="0">
  <testcase classname="Question5.Question4_TestNGImplementation" name="makeMyTripLogVerified" time="34.857"/>
  <system-out/>
</testsuite> <!-- Question5.Question4_TestNGImplementation -->
